
> Configure project :
Fabric Loom: 1.0.11
Forcing downloading /home/denanu/.gradle/caches/fabric-loom/assets/objects/52/52c903f61ff31cba654453f04cc55bc71a6b5a66 as existing lock file was found. This may happen if the gradle build was forcefully canceled.
Forcing downloading /home/denanu/.gradle/caches/fabric-loom/assets/objects/83/83962d5e112037fdd11d6b066811ce37f261a3d4 as existing lock file was found. This may happen if the gradle build was forcefully canceled.
Forcing downloading /home/denanu/.gradle/caches/fabric-loom/assets/objects/ee/eed521b4e76263546af1e075b7cb434b8ee2068b as existing lock file was found. This may happen if the gradle build was forcefully canceled.
Forcing downloading /home/denanu/.gradle/caches/fabric-loom/assets/objects/83/8336e6d043ddb1c0f4732582dc13124a5ec8bd14 as existing lock file was found. This may happen if the gradle build was forcefully canceled.
Forcing downloading /home/denanu/.gradle/caches/fabric-loom/assets/objects/87/877579d0c9d32f29ca7ef44115a23e7a640d6149 as existing lock file was found. This may happen if the gradle build was forcefully canceled.
Forcing downloading /home/denanu/.gradle/caches/fabric-loom/assets/objects/b7/b793543a285be4f1e901db2b016577f680858f68 as existing lock file was found. This may happen if the gradle build was forcefully canceled.
Forcing downloading /home/denanu/.gradle/caches/fabric-loom/assets/objects/84/84b4f8825efc355e065e0ca0e4f030b4f7d5776f as existing lock file was found. This may happen if the gradle build was forcefully canceled.
Forcing downloading /home/denanu/.gradle/caches/fabric-loom/assets/objects/37/371479bc53dd6ed46b01b55c0df92773840cca77 as existing lock file was found. This may happen if the gradle build was forcefully canceled.
Forcing downloading /home/denanu/.gradle/caches/fabric-loom/assets/objects/e1/e197eeafe8d9693e1ec4d734953e906ae9d1e393 as existing lock file was found. This may happen if the gradle build was forcefully canceled.
Forcing downloading /home/denanu/.gradle/caches/fabric-loom/assets/objects/88/88dc4f9963aa1cda2cfd5b2fd10d6546a89d15ef as existing lock file was found. This may happen if the gradle build was forcefully canceled.
Forcing downloading /home/denanu/.gradle/caches/fabric-loom/assets/objects/2a/2ab93e8b767cdafec68b36c3e30c4ef37873530c as existing lock file was found. This may happen if the gradle build was forcefully canceled.
Forcing downloading /home/denanu/.gradle/caches/fabric-loom/assets/objects/bc/bc743503a9b0ba1b4f1eda33acda41a781953f85 as existing lock file was found. This may happen if the gradle build was forcefully canceled.
Forcing downloading /home/denanu/.gradle/caches/fabric-loom/assets/objects/2f/2fbe1c49c7b8ea523dd0013475cfb6c95527a17f as existing lock file was found. This may happen if the gradle build was forcefully canceled.
Forcing downloading /home/denanu/.gradle/caches/fabric-loom/assets/objects/a2/a20b6d705e7e281276b3d2aa3c46ae0facd97b40 as existing lock file was found. This may happen if the gradle build was forcefully canceled.
Forcing downloading /home/denanu/.gradle/caches/fabric-loom/assets/objects/29/294570159e6eed0db6db8e492298a0bd62733097 as existing lock file was found. This may happen if the gradle build was forcefully canceled.
Forcing downloading /home/denanu/.gradle/caches/fabric-loom/assets/objects/ab/ab49d96f2d3ba34d672335c390a4af595deb3900 as existing lock file was found. This may happen if the gradle build was forcefully canceled.
Forcing downloading /home/denanu/.gradle/caches/fabric-loom/assets/objects/cf/cf88d5cc7768addcea27a2d0217e27128c69a580 as existing lock file was found. This may happen if the gradle build was forcefully canceled.
Forcing downloading /home/denanu/.gradle/caches/fabric-loom/assets/objects/a3/a3c0890d6d14899b5efded7686fc36d47af0fa4c as existing lock file was found. This may happen if the gradle build was forcefully canceled.
Forcing downloading /home/denanu/.gradle/caches/fabric-loom/assets/objects/88/88dc4f9963aa1cda2cfd5b2fd10d6546a89d15ef as existing lock file was found. This may happen if the gradle build was forcefully canceled.
Forcing downloading /home/denanu/.gradle/caches/fabric-loom/assets/objects/96/9665c832266ccd9dbf6d109cedd22727858494ef as existing lock file was found. This may happen if the gradle build was forcefully canceled.
Forcing downloading /home/denanu/.gradle/caches/fabric-loom/assets/objects/df/dfb4332eee136395561053adce1d5856900b0f3e as existing lock file was found. This may happen if the gradle build was forcefully canceled.
